  Rep.c
datap.obj : warning LNK4078: multiple '.data' sections found with different attributes (C03000C0)
kernel32.lib(KERNEL32.dll) : warning LNK4078: multiple '.text' sections found with different attributes (60101020)
  Generating code
  Finished generating code
rep.obj : warning LNK4049: locally defined symbol linearAllocate imported
rep.obj : warning LNK4049: locally defined symbol newList imported
rep.obj : warning LNK4049: locally defined symbol newLastItem imported
rep.obj : warning LNK4049: locally defined symbol getNextItem imported
rep.obj : warning LNK4049: locally defined symbol getLastDivergedItem imported
rep.obj : warning LNK4049: locally defined symbol getLastDivergedItemNesting imported
rep.obj : warning LNK4049: locally defined symbol getNextItemNesting imported
rep.obj : warning LNK4049: locally defined symbol getConvergedItemCount imported
rep.obj : warning LNK4049: locally defined symbol getNextTangentItem imported
rep.obj : warning LNK4049: locally defined symbol nextItemNesting imported
rep.obj : warning LNK4049: locally defined symbol lastItemNesting imported
rep.obj : warning LNK4049: locally defined symbol resetIndex imported
rep.obj : warning LNK4049: locally defined symbol newNextItem imported
rep.obj : warning LNK4049: locally defined symbol getPriorItem imported
rep.obj : warning LNK4049: locally defined symbol getNextItemMatch imported
rep.obj : warning LNK4049: locally defined symbol getNextItemMatchComp imported
rep.obj : warning LNK4049: locally defined symbol extendList imported
rep.obj : warning LNK4049: locally defined symbol numAsLetters imported
rep.obj : warning LNK4049: locally defined symbol appendLetters imported
rep.obj : warning LNK4049: locally defined symbol letterLength imported
rep.obj : warning LNK4049: locally defined symbol lettersBetweenListsIndices imported
rep.obj : warning LNK4049: locally defined symbol lettersBetweenIndices imported
rep.obj : warning LNK4049: locally defined symbol copyLetters imported
rep.obj : warning LNK4049: locally defined symbol listAsLetters imported
rep.obj : warning LNK4049: locally defined symbol newStorage imported
rep.obj : warning LNK4049: locally defined symbol defineRecordPath imported
rep.obj : warning LNK4049: locally defined symbol retrieve imported
rep.obj : warning LNK4049: locally defined symbol storeLetters imported
rep.obj : warning LNK4049: locally defined symbol restoreLetters imported
rep.obj : warning LNK4049: locally defined symbol retrieveRecordNames imported
rep.obj : warning LNK4049: locally defined symbol retrieveRecordNamesExtension imported
rep.obj : warning LNK4049: locally defined symbol removeRecord imported
rep.obj : warning LNK4049: locally defined symbol debugNum imported
rep.obj : warning LNK4049: locally defined symbol debugLetters imported
rep.obj : warning LNK4049: locally defined symbol debugNumMsg imported
rep.obj : warning LNK4049: locally defined symbol debugLettersMsg imported
rep.obj : warning LNK4049: locally defined symbol newMatches imported
rep.obj : warning LNK4049: locally defined symbol processMatchFlags imported
rep.obj : warning LNK4049: locally defined symbol getMatches imported
rep.obj : warning LNK4049: locally defined symbol lettersSame imported
rep.obj : warning LNK4049: locally defined symbol lettersSameExact imported
rep.obj : warning LNK4049: locally defined symbol getNextMatchIndex imported
rep.obj : warning LNK4049: locally defined symbol hasMatch imported
rep.obj : warning LNK4049: locally defined symbol replaceLettersWithList imported
rep.obj : warning LNK4049: locally defined symbol replaceContainsLettersWithList imported
  rep.vcxproj -> C:\Users\lewis\rep\rep_2017\x64\Release\rep.exe
